<?xml version="1.0" encoding="utf-8"?><testsuites><testsuite name="pytest" errors="0" failures="0" skipped="0" tests="24" time="101.665" timestamp="2026-07-14T05:56:44.151836+08:00" hostname="DESKTOP-SR4PA0E"><testcase classname="tests.test_crypto_frontier_research_v2" name="test_v2_contract_keeps_all_frozen_boundaries" time="0.037" /><testcase classname="tests.test_crypto_frontier_research_v2" name="test_common_bridge_uses_delayed_label_and_paired_block_lcb" time="1.499" /><testcase classname="tests.test_crypto_frontier_research_v2" name="test_external_release_entry_checks_hash_schema_role_and_pit" time="5.531" /><testcase classname="tests.test_crypto_frontier_research_v2" name="test_supersession_does_not_rewrite_historical_runner" time="0.030" /><testcase classname="tests.test_external_frontier_assimilation" name="test_frontier_config_freezes_two_reproductions_and_all_prohibitions" time="1.097" /><testcase classname="tests.test_external_frontier_assimilation" name="test_alpha158_feature_contract_is_exact_and_order_invariant" time="26.395" /><testcase classname="tests.test_external_frontier_assimilation" name="test_qlib_label_has_one_full_day_execution_delay" time="0.071" /><testcase classname="tests.test_external_frontier_assimilation" name="test_dmn_features_use_only_past_observations" time="1.513" /><testcase classname="tests.test_external_frontier_assimilation" name="test_common_weights_are_one_exact_system_vote_and_unit_gross" time="0.159" /><testcase classname="tests.test_external_frontier_assimilation" name="test_topk_dropout_is_deterministic_and_does_not_duplicate_assets" time="0.911" /><testcase classname="tests.test_external_frontier_assimilation" name="test_evaluator_charges_actual_weight_turnover" time="0.268" /><testcase classname="tests.test_external_frontier_assimilation" name="test_external_data_contract_blocks_missing_observable_time" time="0.021" /><testcase classname="tests.test_external_frontier_assimilation" name="test_runner_source_contains_no_forward_or_promotion_loader" time="0.008" /><testcase classname="tests.test_native_aggtrades_release" name="test_release_frame_is_sorted_and_observable_only_after_bucket_close" time="0.116" /><testcase classname="tests.test_native_aggtrades_release" name="test_performance_columns_fail_closed" time="0.036" /><testcase classname="tests.test_native_aggtrades_release" name="test_physical_roles_are_frozen_before_performance" time="0.012" /><testcase classname="tests.test_native_aggtrades_release" name="test_hash_mapping_is_order_invariant" time="0.009" /><testcase classname="tests.test_native_aggtrades_release" name="test_safe_reset_rejects_authority_root" time="0.076" /><testcase classname="tests.test_native_aggtrades_release" name="test_release_code_does_not_call_evaluator" time="3.539" /><testcase classname="tests.test_native_aggtrades_benchmark" name="test_transforms_and_variants_are_deterministic" time="0.134" /><testcase classname="tests.test_native_aggtrades_benchmark" name="test_future_label_uses_exact_time_and_execution_delay" time="0.157" /><testcase classname="tests.test_native_aggtrades_benchmark" name="test_cross_sectional_weights_have_unit_gross_exposure" time="0.149" /><testcase classname="tests.test_native_aggtrades_benchmark" name="test_fixed_budget_is_predeclared" time="2.051" /><testcase classname="tests.test_native_aggtrades_benchmark" name="test_code_contains_no_search_or_forward_loader" time="0.653" /></testsuite></testsuites>